<?xml version="1.0" encoding="UTF-8"?>
<!-- Generated by org.testng.reporters.JUnitXMLReporter -->
<testsuite hostname="pravin" name="mayur test" tests="5" failures="0" timestamp="23 Jun 2022 06:10:06 GMT" time="34.67" errors="0">
  <testcase name="OpenBrowser" time="0.005" classname="com.cap.demo1.Dependent"/>
  <testcase name="SignIn" time="0.001" classname="com.cap.demo1.Dependent"/>
  <testcase name="LogOut" time="0.001" classname="com.cap.demo1.Dependent"/>
  <testcase name="hdfc_frame" time="0.264" classname="com.cap.demo1.Hdfc_netbanking"/>
  <testcase name="rediff_alert" time="7.642" classname="com.cap.demo1.Rediff_alert_handling"/>
</testsuite> <!-- mayur test -->
