<?xml version="1.0" encoding="UTF-8"?>
<!-- Generated by org.testng.reporters.JUnitXMLReporter -->
<testsuite hostname="pravin" name="rajesh_test" tests="6" failures="0" timestamp="18 Mar 2021 09:38:02 GMT" time="46.957" errors="0">
  <testcase name="login" time="3.771" classname="com.mphasis.demo1.Newtours"/>
  <testcase name="naukri_window" time="17.771" classname="com.mphasis.demo1.Naukri_window_handling"/>
  <testcase name="rediff_alert" time="3.129" classname="com.mphasis.demo1.Rediff_alert_handling"/>
  <testcase name="test1" time="0.001" classname="com.mphasis.demo1.Testng_demo2"/>
  <testcase name="test2" time="0.001" classname="com.mphasis.demo1.Testng_demo2"/>
  <testcase name="test3" time="0.0" classname="com.mphasis.demo1.Testng_demo2"/>
</testsuite> <!-- rajesh_test -->
