<?xml version="1.0" encoding="UTF-8"?>
<!-- Generated by org.testng.reporters.JUnitXMLReporter -->
<testsuite ignored="0" hostname="LIN51013907" failures="0" tests="1" name="Default test" time="2.917" errors="0" timestamp="29 Jun 2022 04:46:09 GMT">
  <testcase classname="com.selenium.day1.ReadWriteExcel" name="@BeforeTest beforeTest" time="2.812">
    <failure type="java.io.FileNotFoundException" message="Invalid file path">
      <![CDATA[java.io.FileNotFoundException: Invalid file pathat java.base/java.io.FileInputStream.<init>(FileInputStream.java:152)at java.base/java.io.FileInputStream.<init>(FileInputStream.java:111)at com.selenium.day1.ReadWriteExcel.beforeTest(ReadWriteExcel.java:47)at java.base/jdk.internal.reflect.DirectMethodHandleAccessor.invoke(DirectMethodHandleAccessor.java:104)at java.base/java.lang.reflect.Method.invoke(Method.java:577)at org.testng.internal.MethodInvocationHelper.invokeMethod(MethodInvocationHelper.java:124)at org.testng.internal.MethodInvocationHelper.invokeMethodConsideringTimeout(MethodInvocationHelper.java:59)at org.testng.internal.Invoker.invokeConfigurationMethod(Invoker.java:451)at org.testng.internal.Invoker.invokeConfigurations(Invoker.java:222)at org.testng.internal.Invoker.invokeConfigurations(Invoker.java:142)at org.testng.TestRunner.beforeRun(TestRunner.java:529)at org.testng.TestRunner.run(TestRunner.java:497)at org.testng.SuiteRunner.runTest(SuiteRunner.java:455)at org.testng.SuiteRunner.runSequentially(SuiteRunner.java:450)at org.testng.SuiteRunner.privateRun(SuiteRunner.java:415)at org.testng.SuiteRunner.run(SuiteRunner.java:364)at org.testng.SuiteRunnerWorker.runSuite(SuiteRunnerWorker.java:52)at org.testng.SuiteRunnerWorker.run(SuiteRunnerWorker.java:84)at org.testng.TestNG.runSuitesSequentially(TestNG.java:1187)at org.testng.TestNG.runSuitesLocally(TestNG.java:1116)at org.testng.TestNG.runSuites(TestNG.java:1028)at org.testng.TestNG.run(TestNG.java:996)at org.testng.remote.AbstractRemoteTestNG.run(AbstractRemoteTestNG.java:115)at org.testng.remote.RemoteTestNG.initAndRun(RemoteTestNG.java:251)at org.testng.remote.RemoteTestNG.main(RemoteTestNG.java:77)]]>
    </failure>
  </testcase> <!-- @BeforeTest beforeTest -->
  <testcase classname="com.selenium.day1.ReadWriteExcel" name="@AfterTest afterTest" time="0.0">
    <skipped/>
  </testcase> <!-- @AfterTest afterTest -->
  <testcase classname="com.selenium.day1.ReadWriteExcel" name="ReadWrite" time="0.0">
    <skipped/>
  </testcase> <!-- ReadWrite -->
</testsuite> <!-- Default test -->
